Start auto log messages stack - Iteration 5.	[MsgId: MMSG-10545]
Starting action PlaeOrder.	[MsgId: MMSG-15919]
PlaeOrder.c(7): web_reg_save_param_ex started  	[MsgId: MMSG-26355]
PlaeOrder.c(7): Registering web_reg_save_param_ex was successful  	[MsgId: MMSG-26390]
PlaeOrder.c(22): Notify: Transaction "JPetStore_PlaceOrder_T03_Selectcategory" started.	[MsgId: MMSG-16999]
PlaeOrder.c(24): web_url("sm_category.gif") started  	[MsgId: MMSG-26355]
PlaeOrder.c(24): web_url("sm_category.gif") was successful, 4353 body bytes, 341 header bytes  	[MsgId: MMSG-26386]
PlaeOrder.c(34): Notify: Transaction "JPetStore_PlaceOrder_T03_Selectcategory" ended with a "Pass" status (Duration: 0.0533 Wasted Time: 0.0001).	[MsgId: MMSG-16871]
PlaeOrder.c(39): lr_think_time: 13.28 seconds (recorded think time was 10.00 seconds).	[MsgId: MMSG-15947]
PlaeOrder.c(41): web_reg_save_param_ex started  	[MsgId: MMSG-26355]
PlaeOrder.c(41): Registering web_reg_save_param_ex was successful  	[MsgId: MMSG-26390]
PlaeOrder.c(59): Notify: Transaction "JPetStore_PlaceOrder_T04_SelectProduct" started.	[MsgId: MMSG-16999]
PlaeOrder.c(62): web_url("Catalog.action_2") started  	[MsgId: MMSG-26355]
PlaeOrder.c(62): web_url("Catalog.action_2") was successful, 4838 body bytes, 341 header bytes  	[MsgId: MMSG-26386]
PlaeOrder.c(72): Notify: Transaction "JPetStore_PlaceOrder_T04_SelectProduct" ended with a "Pass" status (Duration: 0.0529 Wasted Time: 0.0001).	[MsgId: MMSG-16871]
PlaeOrder.c(77): lr_think_time: 12.47 seconds (recorded think time was 10.00 seconds).	[MsgId: MMSG-15947]
PlaeOrder.c(85): Notify: Transaction "JPetStore_PlaceOrder_T05_ViewItem" started.	[MsgId: MMSG-16999]
PlaeOrder.c(88): web_url("Catalog.action_3") started  	[MsgId: MMSG-26355]
PlaeOrder.c(88): web_url("Catalog.action_3") was successful, 4502 body bytes, 342 header bytes  	[MsgId: MMSG-26386]
PlaeOrder.c(98): Notify: Transaction "JPetStore_PlaceOrder_T05_ViewItem" ended with a "Pass" status (Duration: 0.0440).	[MsgId: MMSG-16873]
PlaeOrder.c(103): lr_think_time: 5.07 seconds (recorded think time was 10.00 seconds).	[MsgId: MMSG-15947]
PlaeOrder.c(105): Notify: Transaction "JPetStore_PlaceOrder_T06_AddtoCart" started.	[MsgId: MMSG-16999]
PlaeOrder.c(109): web_url("Cart.action") started  	[MsgId: MMSG-26355]
PlaeOrder.c(109): Error -27721: Step download timeout (120 seconds) has expired when downloading resource "http://localhost:8080/jpetstore/actions/Cart.action?addItemToCart=&workingItemId=EST-15"  	[MsgId: MERR-27721]
End auto log messages stack.	[MsgId: MMSG-10544]


Start auto log messages stack - Iteration 6.	[MsgId: MMSG-10545]
Starting action PlaeOrder.	[MsgId: MMSG-15919]
PlaeOrder.c(7): web_reg_save_param_ex started  	[MsgId: MMSG-26355]
PlaeOrder.c(7): Registering web_reg_save_param_ex was successful  	[MsgId: MMSG-26390]
PlaeOrder.c(22): Notify: Transaction "JPetStore_PlaceOrder_T03_Selectcategory" started.	[MsgId: MMSG-16999]
PlaeOrder.c(24): web_url("sm_category.gif") started  	[MsgId: MMSG-26355]
PlaeOrder.c(24): web_url("sm_category.gif") was successful, 4964 body bytes, 342 header bytes  	[MsgId: MMSG-26386]
PlaeOrder.c(34): Notify: Transaction "JPetStore_PlaceOrder_T03_Selectcategory" ended with a "Pass" status (Duration: 0.0296 Wasted Time: 0.0001).	[MsgId: MMSG-16871]
PlaeOrder.c(39): lr_think_time: 13.36 seconds (recorded think time was 10.00 seconds).	[MsgId: MMSG-15947]
PlaeOrder.c(41): web_reg_save_param_ex started  	[MsgId: MMSG-26355]
PlaeOrder.c(41): Registering web_reg_save_param_ex was successful  	[MsgId: MMSG-26390]
PlaeOrder.c(59): Notify: Transaction "JPetStore_PlaceOrder_T04_SelectProduct" started.	[MsgId: MMSG-16999]
PlaeOrder.c(62): web_url("Catalog.action_2") started  	[MsgId: MMSG-26355]
PlaeOrder.c(62): web_url("Catalog.action_2") was successful, 4871 body bytes, 342 header bytes  	[MsgId: MMSG-26386]
PlaeOrder.c(72): Notify: Transaction "JPetStore_PlaceOrder_T04_SelectProduct" ended with a "Pass" status (Duration: 0.0441 Wasted Time: 0.0001).	[MsgId: MMSG-16871]
PlaeOrder.c(77): lr_think_time: 6.95 seconds (recorded think time was 10.00 seconds).	[MsgId: MMSG-15947]
PlaeOrder.c(85): Notify: Transaction "JPetStore_PlaceOrder_T05_ViewItem" started.	[MsgId: MMSG-16999]
PlaeOrder.c(88): web_url("Catalog.action_3") started  	[MsgId: MMSG-26355]
PlaeOrder.c(88): web_url("Catalog.action_3") was successful, 4511 body bytes, 340 header bytes  	[MsgId: MMSG-26386]
PlaeOrder.c(98): Notify: Transaction "JPetStore_PlaceOrder_T05_ViewItem" ended with a "Pass" status (Duration: 0.0558).	[MsgId: MMSG-16873]
PlaeOrder.c(103): lr_think_time: 9.50 seconds (recorded think time was 10.00 seconds).	[MsgId: MMSG-15947]
PlaeOrder.c(105): Notify: Transaction "JPetStore_PlaceOrder_T06_AddtoCart" started.	[MsgId: MMSG-16999]
PlaeOrder.c(109): web_url("Cart.action") started  	[MsgId: MMSG-26355]
PlaeOrder.c(109): Error -27721: Step download timeout (120 seconds) has expired when downloading resource "http://localhost:8080/jpetstore/actions/Cart.action?addItemToCart=&workingItemId=EST-10"  	[MsgId: MERR-27721]
End auto log messages stack.	[MsgId: MMSG-10544]


Start auto log messages stack - Iteration 7.	[MsgId: MMSG-10545]
Starting action PlaeOrder.	[MsgId: MMSG-15919]
PlaeOrder.c(7): web_reg_save_param_ex started  	[MsgId: MMSG-26355]
PlaeOrder.c(7): Registering web_reg_save_param_ex was successful  	[MsgId: MMSG-26390]
PlaeOrder.c(22): Notify: Transaction "JPetStore_PlaceOrder_T03_Selectcategory" started.	[MsgId: MMSG-16999]
PlaeOrder.c(24): web_url("sm_category.gif") started  	[MsgId: MMSG-26355]
PlaeOrder.c(24): web_url("sm_category.gif") was successful, 4360 body bytes, 340 header bytes  	[MsgId: MMSG-26386]
PlaeOrder.c(34): Notify: Transaction "JPetStore_PlaceOrder_T03_Selectcategory" ended with a "Pass" status (Duration: 0.0237 Wasted Time: 0.0001).	[MsgId: MMSG-16871]
PlaeOrder.c(39): lr_think_time: 10.45 seconds (recorded think time was 10.00 seconds).	[MsgId: MMSG-15947]
PlaeOrder.c(41): web_reg_save_param_ex started  	[MsgId: MMSG-26355]
PlaeOrder.c(41): Registering web_reg_save_param_ex was successful  	[MsgId: MMSG-26390]
PlaeOrder.c(59): Notify: Transaction "JPetStore_PlaceOrder_T04_SelectProduct" started.	[MsgId: MMSG-16999]
PlaeOrder.c(62): web_url("Catalog.action_2") started  	[MsgId: MMSG-26355]
PlaeOrder.c(62): web_url("Catalog.action_2") was successful, 4532 body bytes, 341 header bytes  	[MsgId: MMSG-26386]
PlaeOrder.c(72): Notify: Transaction "JPetStore_PlaceOrder_T04_SelectProduct" ended with a "Pass" status (Duration: 0.0243 Wasted Time: 0.0000).	[MsgId: MMSG-16871]
PlaeOrder.c(77): lr_think_time: 7.34 seconds (recorded think time was 10.00 seconds).	[MsgId: MMSG-15947]
PlaeOrder.c(85): Notify: Transaction "JPetStore_PlaceOrder_T05_ViewItem" started.	[MsgId: MMSG-16999]
PlaeOrder.c(88): web_url("Catalog.action_3") started  	[MsgId: MMSG-26355]
PlaeOrder.c(88): web_url("Catalog.action_3") was successful, 4493 body bytes, 342 header bytes  	[MsgId: MMSG-26386]
PlaeOrder.c(98): Notify: Transaction "JPetStore_PlaceOrder_T05_ViewItem" ended with a "Pass" status (Duration: 0.0766).	[MsgId: MMSG-16873]
PlaeOrder.c(103): lr_think_time: 12.99 seconds (recorded think time was 10.00 seconds).	[MsgId: MMSG-15947]
PlaeOrder.c(105): Notify: Transaction "JPetStore_PlaceOrder_T06_AddtoCart" started.	[MsgId: MMSG-16999]
PlaeOrder.c(109): web_url("Cart.action") started  	[MsgId: MMSG-26355]
PlaeOrder.c(109): Error -27721: Step download timeout (120 seconds) has expired when downloading resource "http://localhost:8080/jpetstore/actions/Cart.action?addItemToCart=&workingItemId=EST-13"  	[MsgId: MERR-27721]
End auto log messages stack.	[MsgId: MMSG-10544]


Start auto log messages stack - Iteration 8.	[MsgId: MMSG-10545]
Starting action PlaeOrder.	[MsgId: MMSG-15919]
PlaeOrder.c(7): web_reg_save_param_ex started  	[MsgId: MMSG-26355]
PlaeOrder.c(7): Registering web_reg_save_param_ex was successful  	[MsgId: MMSG-26390]
PlaeOrder.c(22): Notify: Transaction "JPetStore_PlaceOrder_T03_Selectcategory" started.	[MsgId: MMSG-16999]
PlaeOrder.c(24): web_url("sm_category.gif") started  	[MsgId: MMSG-26355]
PlaeOrder.c(24): web_url("sm_category.gif") was successful, 4647 body bytes, 339 header bytes  	[MsgId: MMSG-26386]
PlaeOrder.c(34): Notify: Transaction "JPetStore_PlaceOrder_T03_Selectcategory" ended with a "Pass" status (Duration: 0.0204 Wasted Time: 0.0001).	[MsgId: MMSG-16871]
PlaeOrder.c(39): lr_think_time: 6.20 seconds (recorded think time was 10.00 seconds).	[MsgId: MMSG-15947]
PlaeOrder.c(41): web_reg_save_param_ex started  	[MsgId: MMSG-26355]
PlaeOrder.c(41): Registering web_reg_save_param_ex was successful  	[MsgId: MMSG-26390]
PlaeOrder.c(59): Notify: Transaction "JPetStore_PlaceOrder_T04_SelectProduct" started.	[MsgId: MMSG-16999]
PlaeOrder.c(62): web_url("Catalog.action_2") started  	[MsgId: MMSG-26355]
PlaeOrder.c(62): web_url("Catalog.action_2") was successful, 4528 body bytes, 341 header bytes  	[MsgId: MMSG-26386]
PlaeOrder.c(72): Notify: Transaction "JPetStore_PlaceOrder_T04_SelectProduct" ended with a "Pass" status (Duration: 0.0305 Wasted Time: 0.0000).	[MsgId: MMSG-16871]
PlaeOrder.c(77): lr_think_time: 10.30 seconds (recorded think time was 10.00 seconds).	[MsgId: MMSG-15947]
PlaeOrder.c(85): Notify: Transaction "JPetStore_PlaceOrder_T05_ViewItem" started.	[MsgId: MMSG-16999]
PlaeOrder.c(88): web_url("Catalog.action_3") started  	[MsgId: MMSG-26355]
PlaeOrder.c(88): web_url("Catalog.action_3") was successful, 4504 body bytes, 340 header bytes  	[MsgId: MMSG-26386]
PlaeOrder.c(98): Notify: Transaction "JPetStore_PlaceOrder_T05_ViewItem" ended with a "Pass" status (Duration: 0.0454).	[MsgId: MMSG-16873]
PlaeOrder.c(103): lr_think_time: 13.28 seconds (recorded think time was 10.00 seconds).	[MsgId: MMSG-15947]
PlaeOrder.c(105): Notify: Transaction "JPetStore_PlaceOrder_T06_AddtoCart" started.	[MsgId: MMSG-16999]
PlaeOrder.c(109): web_url("Cart.action") started  	[MsgId: MMSG-26355]
PlaeOrder.c(109): Error -27721: Step download timeout (120 seconds) has expired when downloading resource "http://localhost:8080/jpetstore/actions/Cart.action?addItemToCart=&workingItemId=EST-3"  	[MsgId: MERR-27721]
End auto log messages stack.	[MsgId: MMSG-10544]


Start auto log messages stack - Iteration 9.	[MsgId: MMSG-10545]
Starting action PlaeOrder.	[MsgId: MMSG-15919]
PlaeOrder.c(7): web_reg_save_param_ex started  	[MsgId: MMSG-26355]
PlaeOrder.c(7): Registering web_reg_save_param_ex was successful  	[MsgId: MMSG-26390]
PlaeOrder.c(22): Notify: Transaction "JPetStore_PlaceOrder_T03_Selectcategory" started.	[MsgId: MMSG-16999]
PlaeOrder.c(24): web_url("sm_category.gif") started  	[MsgId: MMSG-26355]
PlaeOrder.c(24): web_url("sm_category.gif") was successful, 4352 body bytes, 340 header bytes  	[MsgId: MMSG-26386]
PlaeOrder.c(34): Notify: Transaction "JPetStore_PlaceOrder_T03_Selectcategory" ended with a "Pass" status (Duration: 0.0165 Wasted Time: 0.0001).	[MsgId: MMSG-16871]
PlaeOrder.c(39): lr_think_time: 13.64 seconds (recorded think time was 10.00 seconds).	[MsgId: MMSG-15947]
PlaeOrder.c(41): web_reg_save_param_ex started  	[MsgId: MMSG-26355]
PlaeOrder.c(41): Registering web_reg_save_param_ex was successful  	[MsgId: MMSG-26390]
PlaeOrder.c(59): Notify: Transaction "JPetStore_PlaceOrder_T04_SelectProduct" started.	[MsgId: MMSG-16999]
PlaeOrder.c(62): web_url("Catalog.action_2") started  	[MsgId: MMSG-26355]
PlaeOrder.c(62): web_url("Catalog.action_2") was successful, 4852 body bytes, 341 header bytes  	[MsgId: MMSG-26386]
PlaeOrder.c(72): Notify: Transaction "JPetStore_PlaceOrder_T04_SelectProduct" ended with a "Pass" status (Duration: 0.0122 Wasted Time: 0.0000).	[MsgId: MMSG-16871]
PlaeOrder.c(77): lr_think_time: 6.48 seconds (recorded think time was 10.00 seconds).	[MsgId: MMSG-15947]
PlaeOrder.c(85): Notify: Transaction "JPetStore_PlaceOrder_T05_ViewItem" started.	[MsgId: MMSG-16999]
PlaeOrder.c(88): web_url("Catalog.action_3") started  	[MsgId: MMSG-26355]
PlaeOrder.c(88): web_url("Catalog.action_3") was successful, 4512 body bytes, 340 header bytes  	[MsgId: MMSG-26386]
PlaeOrder.c(98): Notify: Transaction "JPetStore_PlaceOrder_T05_ViewItem" ended with a "Pass" status (Duration: 0.0584).	[MsgId: MMSG-16873]
PlaeOrder.c(103): lr_think_time: 11.38 seconds (recorded think time was 10.00 seconds).	[MsgId: MMSG-15947]
PlaeOrder.c(105): Notify: Transaction "JPetStore_PlaceOrder_T06_AddtoCart" started.	[MsgId: MMSG-16999]
PlaeOrder.c(109): web_url("Cart.action") started  	[MsgId: MMSG-26355]
PlaeOrder.c(109): Error -27721: Step download timeout (120 seconds) has expired when downloading resource "http://localhost:8080/jpetstore/actions/Cart.action?addItemToCart=&workingItemId=EST-17"  	[MsgId: MERR-27721]
End auto log messages stack.	[MsgId: MMSG-10544]


