Virtual User Script started at: 11-05-2026 19:34:48
Starting action vuser_init.
Web Turbo Replay of LoadRunner 2022.0.0 for Windows 10; build 605 (Mar 08 2022 19:29:30)  	[MsgId: MMSG-26983]
Run mode: HTML  	[MsgId: MMSG-26993]
Replay user agent: Mozilla/5.0 (Windows NT 10.0; Win64; x64) AppleWebKit/537.36 (KHTML, like Gecko) Chrome/147.0.0.0 Safari/537.36  	[MsgId: MMSG-26988]
Runtime Settings file: "D:\Suganya\LR Sripts\JPetStore New Project\JPetStore_Login\\default.cfg"  	[MsgId: MMSG-27141]
Ending action vuser_init.
Running Vuser...
Starting iteration 1.
Maximum number of concurrent connections per server: 6  	[MsgId: MMSG-26989]
Starting action Login.
Login.c(5): web_cache_cleanup started  	[MsgId: MMSG-26355]
Login.c(5): web_cache_cleanup was successful  	[MsgId: MMSG-26392]
Login.c(7): web_cleanup_cookies started  	[MsgId: MMSG-26355]
Login.c(7): web_cleanup_cookies was successful  	[MsgId: MMSG-26392]
Login.c(13): web_reg_save_param_ex started  	[MsgId: MMSG-26355]
Login.c(13): Registering web_reg_save_param_ex was successful  	[MsgId: MMSG-26390]
Login.c(25): Notify: Transaction "JPetStore_Login_T01_Launch" started.
Login.c(27): web_url("Catalog.action") started  	[MsgId: MMSG-26355]
Login.c(27): Notify: Saving Parameter "SessionID = 5629FB7CC321615B1B59C902E7B8812E".
Login.c(27): web_url("Catalog.action") was successful, 6158 body bytes, 557 header bytes  	[MsgId: MMSG-26386]
Login.c(37): Notify: Transaction "JPetStore_Login_T01_Launch" ended with a "Pass" status (Duration: 1.5715 Wasted Time: 0.3606).
Login.c(39): lr_think_time: 8.26 seconds (recorded think time was 10.00 seconds).
Login.c(43): web_reg_save_param_ex started  	[MsgId: MMSG-26355]
Login.c(43): Registering web_reg_save_param_ex was successful  	[MsgId: MMSG-26390]
Login.c(52): Notify: Transaction "JPetStore_Login_T02_Login" started.
Login.c(56): web_reg_find started  	[MsgId: MMSG-26355]
Login.c(56): Registering web_reg_find was successful  	[MsgId: MMSG-26390]
Login.c(65): web_submit_data("Account.action") started  	[MsgId: MMSG-26355]
Login.c(65): Notify: Parameter Substitution: parameter "SessionID" =  "5629FB7CC321615B1B59C902E7B8812E"
Login.c(65): Notify: Parameter Substitution: parameter "UserID" =  "UserID2026050802425413"
Login.c(65): Notify: Parameter Substitution: parameter "UserID" =  "UserID2026050802425413"
Login.c(65): Redirecting "http://localhost:8080/jpetstore/actions/Account.action" (redirection depth is 0)  	[MsgId: MMSG-26694]
Login.c(65): To location "http://localhost:8080/jpetstore/actions/Catalog.action"  	[MsgId: MMSG-26693]
Login.c(65): Notify: Saving Parameter "Category_1 = FISH".
Login.c(65): Notify: Saving Parameter "Category_2 = DOGS".
Login.c(65): Notify: Saving Parameter "Category_3 = REPTILES".
Login.c(65): Notify: Saving Parameter "Category_4 = CATS".
Login.c(65): Notify: Saving Parameter "Category_5 = BIRDS".
Login.c(65): Notify: Saving Parameter "Category_6 = FISH".
Login.c(65): Notify: Saving Parameter "Category_7 = DOGS".
Login.c(65): Notify: Saving Parameter "Category_8 = CATS".
Login.c(65): Notify: Saving Parameter "Category_9 = REPTILES".
Login.c(65): Notify: Saving Parameter "Category_10 = BIRDS".
Login.c(65): Notify: Saving Parameter "Category_count = 10".
Login.c(65): Registered web_reg_find successful for "Text=Signon failed"  	[MsgId: MMSG-26362]
Login.c(65): Notify: Saving Parameter "SignIn_Fail = 0".
Login.c(65): web_submit_data("Account.action") was successful, 5753 body bytes, 685 header bytes  	[MsgId: MMSG-26386]
Login.c(81): Notify: Parameter Substitution: parameter "SignIn_Fail" =  "0"
Login.c(84): Notify: Transaction "JPetStore_Login_T02_Login" ended with a "Pass" status (Duration: 0.4374 Wasted Time: 0.0173).
Login.c(96): lr_think_time: 14.44 seconds (recorded think time was 10.00 seconds).
Login.c(100): Notify: Transaction "JPetStore_Login_T03_Signout" started.
Login.c(103): web_url("Account.action_3") started  	[MsgId: MMSG-26355]
Login.c(103): Redirecting "http://localhost:8080/jpetstore/actions/Account.action?signoff=" (redirection depth is 0)  	[MsgId: MMSG-26694]
Login.c(103): To location "http://localhost:8080/jpetstore/actions/Catalog.action"  	[MsgId: MMSG-26693]
Login.c(103): web_url("Account.action_3") was successful, 5542 body bytes, 769 header bytes  	[MsgId: MMSG-26386]
Login.c(113): Notify: Transaction "JPetStore_Login_T03_Signout" ended with a "Pass" status (Duration: 0.2350 Wasted Time: 0.0338).
Ending action Login.
Ending iteration 1.
Ending Vuser...
Starting action vuser_end.
Ending action vuser_end.
Vuser Terminated.
Vuser 0 (thread 3472), ended OK."
